timestamp: 2018-04-26T16:04:11.673242
CREATE TABLE "auth_user"(
    "id" INTEGER PRIMARY KEY AUTOINCREMENT,
    "first_name" CHAR(128),
    "last_name" CHAR(128),
    "email" CHAR(512),
    "password" CHAR(512),
    "registration_key" CHAR(512),
    "reset_password_key" CHAR(512),
    "registration_id" CHAR(512)
);
success!
timestamp: 2018-04-26T16:04:11.745130
CREATE TABLE "auth_group"(
    "id" INTEGER PRIMARY KEY AUTOINCREMENT,
    "role" CHAR(512),
    "description" TEXT
);
success!
timestamp: 2018-04-26T16:04:11.795071
CREATE TABLE "auth_membership"(
    "id" INTEGER PRIMARY KEY AUTOINCREMENT,
    "user_id" INTEGER REFERENCES "auth_user" ("id") ON DELETE CASCADE  ,
    "group_id" INTEGER REFERENCES "auth_group" ("id") ON DELETE CASCADE  
);
success!
timestamp: 2018-04-26T16:04:11.847053
CREATE TABLE "auth_permission"(
    "id" INTEGER PRIMARY KEY AUTOINCREMENT,
    "group_id" INTEGER REFERENCES "auth_group" ("id") ON DELETE CASCADE  ,
    "name" CHAR(512),
    "table_name" CHAR(512),
    "record_id" INTEGER
);
success!
timestamp: 2018-04-26T16:04:11.924600
CREATE TABLE "auth_event"(
    "id" INTEGER PRIMARY KEY AUTOINCREMENT,
    "time_stamp" TIMESTAMP,
    "client_ip" CHAR(512),
    "user_id" INTEGER REFERENCES "auth_user" ("id") ON DELETE CASCADE  ,
    "origin" CHAR(512),
    "description" TEXT
);
success!
timestamp: 2018-04-26T16:04:11.968585
CREATE TABLE "auth_cas"(
    "id" INTEGER PRIMARY KEY AUTOINCREMENT,
    "user_id" INTEGER REFERENCES "auth_user" ("id") ON DELETE CASCADE  ,
    "created_on" TIMESTAMP,
    "service" CHAR(512),
    "ticket" CHAR(512),
    "renew" CHAR(1)
);
success!
timestamp: 2018-05-14T16:35:42.321228
CREATE TABLE "menu_item"(
    "id" INTEGER PRIMARY KEY AUTOINCREMENT,
    "menu_name" CHAR(512),
    "menu_is_vegan" CHAR(1)
);
success!
timestamp: 2018-05-14T16:35:42.368592
CREATE TABLE "available_food"(
    "id" INTEGER PRIMARY KEY AUTOINCREMENT,
    "food_id" INTEGER REFERENCES "menu_item" ("id") ON DELETE CASCADE  ,
    "food_location" CHAR(512),
    "food_date" CHAR(512)
);
success!
timestamp: 2018-05-14T16:45:28.580675
ALTER TABLE "menu_item" ADD "menu_is_fish" CHAR(1);
timestamp: 2018-05-14T16:45:28.618583
ALTER TABLE "menu_item" ADD "menu_is_vegetarian" CHAR(1);
timestamp: 2018-05-14T16:45:28.642916
ALTER TABLE "menu_item" ADD "menu_is_gluten_free" CHAR(1);
timestamp: 2018-05-14T16:45:28.666281
ALTER TABLE "menu_item" ADD "menu_is_soy" CHAR(1);
timestamp: 2018-05-14T16:45:28.712490
ALTER TABLE "menu_item" ADD "menu_is_eggs" CHAR(1);
timestamp: 2018-05-14T16:45:28.745343
ALTER TABLE "menu_item" ADD "menu_is_pork" CHAR(1);
timestamp: 2018-05-14T16:45:28.768646
ALTER TABLE "menu_item" ADD "menu_is_halal" CHAR(1);
timestamp: 2018-05-14T16:45:28.796864
ALTER TABLE "menu_item" ADD "menu_is_beef" CHAR(1);
timestamp: 2018-05-14T16:45:28.823144
ALTER TABLE "menu_item" ADD "menu_is_nuts" CHAR(1);
success!
